<?xml version="1.0" encoding="UTF-8"?>
<!-- Generated by org.testng.reporters.JUnitReportReporter -->
<testsuite hostname="VAIO" name="com.tagrem.crmsales.testngfile.NewTest" tests="1" failures="0" timestamp="2 Dec 2015 15:03:38 GMT" time="0.010" errors="0">
  <testcase name="f" time="0.010" classname="com.tagrem.crmsales.testngfile.NewTest"/>
</testsuite> <!-- com.tagrem.crmsales.testngfile.NewTest -->
