<?xml version="1.0" encoding="UTF-8"?>
<!-- Generated by org.testng.reporters.JUnitReportReporter -->
<testsuite hostname="VAIO" name="com.tagrem.crmsales.testngfile.NewTest" tests="1" failures="0" timestamp="3 Dec 2015 13:22:42 GMT" time="0.003" errors="0">
  <testcase name="f" time="0.003" classname="com.tagrem.crmsales.testngfile.NewTest"/>
</testsuite> <!-- com.tagrem.crmsales.testngfile.NewTest -->
